18-Oct-2022 14:20:05 Start of calculation the curve OFDM_PAPR_Type1_64QAM (3 of 15).
18-Oct-2022 14:20:05   Start of the main calculations.
18-Oct-2022 14:20:12     NumSam =    2851200; NumFr =    100; NumBits =    5737600; PAPR = 9.00; Prob = 0.000360 =       1026/   2851200.
18-Oct-2022 14:20:17     NumSam =    5702400; NumFr =    200; NumBits =   11475200; PAPR = 9.30; Prob = 0.000207 =       1178/   5702400.
18-Oct-2022 14:20:21     NumSam =    8553600; NumFr =    300; NumBits =   17212800; PAPR = 9.50; Prob = 0.000135 =       1159/   8553600.
18-Oct-2022 14:20:26     NumSam =   11404800; NumFr =    400; NumBits =   22950400; PAPR = 9.60; Prob = 0.000107 =       1223/  11404800.
18-Oct-2022 14:20:30     NumSam =   14256000; NumFr =    500; NumBits =   28688000; PAPR = 9.80; Prob = 0.000072 =       1026/  14256000.
18-Oct-2022 14:20:35     NumSam =   17107200; NumFr =    600; NumBits =   34425600; PAPR = 9.80; Prob = 0.000072 =       1232/  17107200.
18-Oct-2022 14:20:39     NumSam =   19958400; NumFr =    700; NumBits =   40163200; PAPR = 9.90; Prob = 0.000058 =       1163/  19958400.
18-Oct-2022 14:20:44     NumSam =   22809600; NumFr =    800; NumBits =   45900800; PAPR = 10.00; Prob = 0.000046 =       1050/  22809600.
18-Oct-2022 14:20:48     NumSam =   25660800; NumFr =    900; NumBits =   51638400; PAPR = 10.00; Prob = 0.000045 =       1155/  25660800.
18-Oct-2022 14:20:53     NumSam =   28512000; NumFr =   1000; NumBits =   57376000; PAPR = 10.10; Prob = 0.000036 =       1027/  28512000.
18-Oct-2022 14:20:57     NumSam =   31363200; NumFr =   1100; NumBits =   63113600; PAPR = 10.10; Prob = 0.000036 =       1119/  31363200.
18-Oct-2022 14:21:02     NumSam =   34214400; NumFr =   1200; NumBits =   68851200; PAPR = 10.10; Prob = 0.000036 =       1228/  34214400.
18-Oct-2022 14:21:06     NumSam =   37065600; NumFr =   1300; NumBits =   74588800; PAPR = 10.20; Prob = 0.000028 =       1028/  37065600.
18-Oct-2022 14:21:11     NumSam =   39916800; NumFr =   1400; NumBits =   80326400; PAPR = 10.20; Prob = 0.000028 =       1101/  39916800.
18-Oct-2022 14:21:15     NumSam =   42768000; NumFr =   1500; NumBits =   86064000; PAPR = 10.20; Prob = 0.000027 =       1172/  42768000.
18-Oct-2022 14:21:20     NumSam =   45619200; NumFr =   1600; NumBits =   91801600; PAPR = 10.20; Prob = 0.000027 =       1250/  45619200.
18-Oct-2022 14:21:24     NumSam =   48470400; NumFr =   1700; NumBits =   97539200; PAPR = 10.30; Prob = 0.000021 =       1036/  48470400.
18-Oct-2022 14:21:29     NumSam =   51321600; NumFr =   1800; NumBits =  103276800; PAPR = 10.30; Prob = 0.000021 =       1101/  51321600.
18-Oct-2022 14:21:33     NumSam =   54172800; NumFr =   1900; NumBits =  109014400; PAPR = 10.30; Prob = 0.000021 =       1162/  54172800.
18-Oct-2022 14:21:38     NumSam =   57024000; NumFr =   2000; NumBits =  114752000; PAPR = 10.30; Prob = 0.000022 =       1233/  57024000.
18-Oct-2022 14:21:42     NumSam =   59875200; NumFr =   2100; NumBits =  120489600; PAPR = 10.40; Prob = 0.000017 =       1024/  59875200.
18-Oct-2022 14:21:47     NumSam =   62726400; NumFr =   2200; NumBits =  126227200; PAPR = 10.40; Prob = 0.000017 =       1069/  62726400.
18-Oct-2022 14:21:51     NumSam =   65577600; NumFr =   2300; NumBits =  131964800; PAPR = 10.40; Prob = 0.000017 =       1122/  65577600.
18-Oct-2022 14:21:56     NumSam =   68428800; NumFr =   2400; NumBits =  137702400; PAPR = 10.40; Prob = 0.000017 =       1177/  68428800.
18-Oct-2022 14:22:00     NumSam =   71280000; NumFr =   2500; NumBits =  143440000; PAPR = 10.40; Prob = 0.000017 =       1225/  71280000.
18-Oct-2022 14:22:05     NumSam =   74131200; NumFr =   2600; NumBits =  149177600; PAPR = 10.40; Prob = 0.000017 =       1281/  74131200.
18-Oct-2022 14:22:09     NumSam =   76982400; NumFr =   2700; NumBits =  154915200; PAPR = 10.50; Prob = 0.000013 =       1018/  76982400.
18-Oct-2022 14:22:14     NumSam =   79833600; NumFr =   2800; NumBits =  160652800; PAPR = 10.50; Prob = 0.000013 =       1061/  79833600.
18-Oct-2022 14:22:18     NumSam =   82684800; NumFr =   2900; NumBits =  166390400; PAPR = 10.50; Prob = 0.000013 =       1092/  82684800.
18-Oct-2022 14:22:23     NumSam =   85536000; NumFr =   3000; NumBits =  172128000; PAPR = 10.50; Prob = 0.000013 =       1131/  85536000.
18-Oct-2022 14:22:27     NumSam =   88387200; NumFr =   3100; NumBits =  177865600; PAPR = 10.50; Prob = 0.000013 =       1166/  88387200.
18-Oct-2022 14:22:32     NumSam =   91238400; NumFr =   3200; NumBits =  183603200; PAPR = 10.50; Prob = 0.000013 =       1206/  91238400.
18-Oct-2022 14:22:36     NumSam =   94089600; NumFr =   3300; NumBits =  189340800; PAPR = 10.50; Prob = 0.000013 =       1244/  94089600.
18-Oct-2022 14:22:41     NumSam =   96940800; NumFr =   3400; NumBits =  195078400; PAPR = 10.50; Prob = 0.000013 =       1283/  96940800.
18-Oct-2022 14:22:45     NumSam =   99792000; NumFr =   3500; NumBits =  200816000; PAPR = 10.60; Prob = 0.000010 =       1013/  99792000.
18-Oct-2022 14:22:50     NumSam =  102643200; NumFr =   3600; NumBits =  206553600; PAPR = 10.60; Prob = 0.000010 =       1050/ 102643200.
18-Oct-2022 14:22:54     NumSam =  105494400; NumFr =   3700; NumBits =  212291200; PAPR = 10.60; Prob = 0.000010 =       1077/ 105494400.
18-Oct-2022 14:22:59     NumSam =  108345600; NumFr =   3800; NumBits =  218028800; PAPR = 10.60; Prob = 0.000010 =       1116/ 108345600.
18-Oct-2022 14:23:04     NumSam =  111196800; NumFr =   3900; NumBits =  223766400; PAPR = 10.60; Prob = 0.000010 =       1150/ 111196800.
18-Oct-2022 14:23:08     NumSam =  114048000; NumFr =   4000; NumBits =  229504000; PAPR = 10.60; Prob = 0.000010 =       1187/ 114048000.
18-Oct-2022 14:23:13     NumSam =  116899200; NumFr =   4100; NumBits =  235241600; PAPR = 10.60; Prob = 0.000010 =       1224/ 116899200.
18-Oct-2022 14:23:17     NumSam =  119750400; NumFr =   4200; NumBits =  240979200; PAPR = 10.60; Prob = 0.000011 =       1263/ 119750400.
18-Oct-2022 14:23:22     NumSam =  122601600; NumFr =   4300; NumBits =  246716800; PAPR = 10.60; Prob = 0.000011 =       1295/ 122601600.
18-Oct-2022 14:23:26     NumSam =  125452800; NumFr =   4400; NumBits =  252454400; PAPR = 10.70; Prob = 0.000008 =       1004/ 125452800. Completed.
