18-Oct-2022 14:35:19 Start of calculation the curve OFDM_PAPR_Type2_64QAM (6 of 15).
18-Oct-2022 14:35:19   Start of the main calculations.
18-Oct-2022 14:35:26     NumSam =       1300; NumFr =    100; NumBits =    5737600; PAPR = 8.50; Prob = 0.806154 =       1048/      1300.
18-Oct-2022 14:35:30     NumSam =       2600; NumFr =    200; NumBits =   11475200; PAPR = 9.20; Prob = 0.396154 =       1030/      2600.
18-Oct-2022 14:35:34     NumSam =       3900; NumFr =    300; NumBits =   17212800; PAPR = 9.40; Prob = 0.290513 =       1133/      3900.
18-Oct-2022 14:35:39     NumSam =       5200; NumFr =    400; NumBits =   22950400; PAPR = 9.60; Prob = 0.198846 =       1034/      5200.
18-Oct-2022 14:35:43     NumSam =       6500; NumFr =    500; NumBits =   28688000; PAPR = 9.70; Prob = 0.165077 =       1073/      6500.
18-Oct-2022 14:35:47     NumSam =       7800; NumFr =    600; NumBits =   34425600; PAPR = 9.80; Prob = 0.136923 =       1068/      7800.
18-Oct-2022 14:35:52     NumSam =       9100; NumFr =    700; NumBits =   40163200; PAPR = 9.90; Prob = 0.113626 =       1034/      9100.
18-Oct-2022 14:35:56     NumSam =      10400; NumFr =    800; NumBits =   45900800; PAPR = 9.90; Prob = 0.113077 =       1176/     10400.
18-Oct-2022 14:36:00     NumSam =      11700; NumFr =    900; NumBits =   51638400; PAPR = 10.00; Prob = 0.089231 =       1044/     11700.
18-Oct-2022 14:36:04     NumSam =      13000; NumFr =   1000; NumBits =   57376000; PAPR = 10.00; Prob = 0.088923 =       1156/     13000.
18-Oct-2022 14:36:09     NumSam =      14300; NumFr =   1100; NumBits =   63113600; PAPR = 10.10; Prob = 0.071259 =       1019/     14300.
18-Oct-2022 14:36:13     NumSam =      15600; NumFr =   1200; NumBits =   68851200; PAPR = 10.10; Prob = 0.071603 =       1117/     15600.
18-Oct-2022 14:36:17     NumSam =      16900; NumFr =   1300; NumBits =   74588800; PAPR = 10.10; Prob = 0.071065 =       1201/     16900.
18-Oct-2022 14:36:22     NumSam =      18200; NumFr =   1400; NumBits =   80326400; PAPR = 10.20; Prob = 0.055604 =       1012/     18200.
18-Oct-2022 14:36:26     NumSam =      19500; NumFr =   1500; NumBits =   86064000; PAPR = 10.20; Prob = 0.054872 =       1070/     19500.
18-Oct-2022 14:36:30     NumSam =      20800; NumFr =   1600; NumBits =   91801600; PAPR = 10.20; Prob = 0.054808 =       1140/     20800.
18-Oct-2022 14:36:35     NumSam =      22100; NumFr =   1700; NumBits =   97539200; PAPR = 10.20; Prob = 0.055023 =       1216/     22100.
18-Oct-2022 14:36:39     NumSam =      23400; NumFr =   1800; NumBits =  103276800; PAPR = 10.30; Prob = 0.042991 =       1006/     23400.
18-Oct-2022 14:36:43     NumSam =      24700; NumFr =   1900; NumBits =  109014400; PAPR = 10.30; Prob = 0.042915 =       1060/     24700.
18-Oct-2022 14:36:48     NumSam =      26000; NumFr =   2000; NumBits =  114752000; PAPR = 10.30; Prob = 0.043192 =       1123/     26000.
18-Oct-2022 14:36:52     NumSam =      27300; NumFr =   2100; NumBits =  120489600; PAPR = 10.30; Prob = 0.043993 =       1201/     27300.
18-Oct-2022 14:36:56     NumSam =      28600; NumFr =   2200; NumBits =  126227200; PAPR = 10.30; Prob = 0.044091 =       1261/     28600.
18-Oct-2022 14:37:01     NumSam =      29900; NumFr =   2300; NumBits =  131964800; PAPR = 10.40; Prob = 0.034214 =       1023/     29900.
18-Oct-2022 14:37:05     NumSam =      31200; NumFr =   2400; NumBits =  137702400; PAPR = 10.40; Prob = 0.034423 =       1074/     31200.
18-Oct-2022 14:37:09     NumSam =      32500; NumFr =   2500; NumBits =  143440000; PAPR = 10.40; Prob = 0.034308 =       1115/     32500.
18-Oct-2022 14:37:14     NumSam =      33800; NumFr =   2600; NumBits =  149177600; PAPR = 10.40; Prob = 0.034467 =       1165/     33800.
18-Oct-2022 14:37:18     NumSam =      35100; NumFr =   2700; NumBits =  154915200; PAPR = 10.40; Prob = 0.034416 =       1208/     35100.
18-Oct-2022 14:37:23     NumSam =      36400; NumFr =   2800; NumBits =  160652800; PAPR = 10.40; Prob = 0.034505 =       1256/     36400.
18-Oct-2022 14:37:27     NumSam =      37700; NumFr =   2900; NumBits =  166390400; PAPR = 10.50; Prob = 0.026684 =       1006/     37700.
18-Oct-2022 14:37:31     NumSam =      39000; NumFr =   3000; NumBits =  172128000; PAPR = 10.50; Prob = 0.026692 =       1041/     39000.
18-Oct-2022 14:37:35     NumSam =      40300; NumFr =   3100; NumBits =  177865600; PAPR = 10.50; Prob = 0.026650 =       1074/     40300.
18-Oct-2022 14:37:40     NumSam =      41600; NumFr =   3200; NumBits =  183603200; PAPR = 10.50; Prob = 0.026707 =       1111/     41600.
18-Oct-2022 14:37:44     NumSam =      42900; NumFr =   3300; NumBits =  189340800; PAPR = 10.50; Prob = 0.026690 =       1145/     42900.
18-Oct-2022 14:37:49     NumSam =      44200; NumFr =   3400; NumBits =  195078400; PAPR = 10.50; Prob = 0.026697 =       1180/     44200.
18-Oct-2022 14:37:54     NumSam =      45500; NumFr =   3500; NumBits =  200816000; PAPR = 10.50; Prob = 0.026747 =       1217/     45500.
18-Oct-2022 14:37:58     NumSam =      46800; NumFr =   3600; NumBits =  206553600; PAPR = 10.50; Prob = 0.026923 =       1260/     46800.
18-Oct-2022 14:38:03     NumSam =      48100; NumFr =   3700; NumBits =  212291200; PAPR = 10.60; Prob = 0.020832 =       1002/     48100.
18-Oct-2022 14:38:07     NumSam =      49400; NumFr =   3800; NumBits =  218028800; PAPR = 10.60; Prob = 0.020972 =       1036/     49400.
18-Oct-2022 14:38:11     NumSam =      50700; NumFr =   3900; NumBits =  223766400; PAPR = 10.60; Prob = 0.021026 =       1066/     50700.
18-Oct-2022 14:38:16     NumSam =      52000; NumFr =   4000; NumBits =  229504000; PAPR = 10.60; Prob = 0.021154 =       1100/     52000.
18-Oct-2022 14:38:20     NumSam =      53300; NumFr =   4100; NumBits =  235241600; PAPR = 10.60; Prob = 0.021295 =       1135/     53300.
18-Oct-2022 14:38:25     NumSam =      54600; NumFr =   4200; NumBits =  240979200; PAPR = 10.60; Prob = 0.021447 =       1171/     54600.
18-Oct-2022 14:38:29     NumSam =      55900; NumFr =   4300; NumBits =  246716800; PAPR = 10.60; Prob = 0.021467 =       1200/     55900.
18-Oct-2022 14:38:33     NumSam =      57200; NumFr =   4400; NumBits =  252454400; PAPR = 10.60; Prob = 0.021434 =       1226/     57200.
18-Oct-2022 14:38:38     NumSam =      58500; NumFr =   4500; NumBits =  258192000; PAPR = 10.60; Prob = 0.021368 =       1250/     58500.
18-Oct-2022 14:38:42     NumSam =      59800; NumFr =   4600; NumBits =  263929600; PAPR = 10.60; Prob = 0.021271 =       1272/     59800.
18-Oct-2022 14:38:47     NumSam =      61100; NumFr =   4700; NumBits =  269667200; PAPR = 10.60; Prob = 0.021195 =       1295/     61100.
18-Oct-2022 14:38:51     NumSam =      62400; NumFr =   4800; NumBits =  275404800; PAPR = 10.70; Prob = 0.016138 =       1007/     62400.
18-Oct-2022 14:38:55     NumSam =      63700; NumFr =   4900; NumBits =  281142400; PAPR = 10.70; Prob = 0.016122 =       1027/     63700.
18-Oct-2022 14:39:00     NumSam =      65000; NumFr =   5000; NumBits =  286880000; PAPR = 10.70; Prob = 0.016108 =       1047/     65000.
18-Oct-2022 14:39:04     NumSam =      66300; NumFr =   5100; NumBits =  292617600; PAPR = 10.70; Prob = 0.016003 =       1061/     66300.
18-Oct-2022 14:39:08     NumSam =      67600; NumFr =   5200; NumBits =  298355200; PAPR = 10.70; Prob = 0.015932 =       1077/     67600.
18-Oct-2022 14:39:13     NumSam =      68900; NumFr =   5300; NumBits =  304092800; PAPR = 10.70; Prob = 0.016067 =       1107/     68900.
18-Oct-2022 14:39:17     NumSam =      70200; NumFr =   5400; NumBits =  309830400; PAPR = 10.70; Prob = 0.015954 =       1120/     70200.
18-Oct-2022 14:39:22     NumSam =      71500; NumFr =   5500; NumBits =  315568000; PAPR = 10.70; Prob = 0.016028 =       1146/     71500.
18-Oct-2022 14:39:26     NumSam =      72800; NumFr =   5600; NumBits =  321305600; PAPR = 10.70; Prob = 0.016030 =       1167/     72800.
18-Oct-2022 14:39:31     NumSam =      74100; NumFr =   5700; NumBits =  327043200; PAPR = 10.70; Prob = 0.015924 =       1180/     74100.
18-Oct-2022 14:39:35     NumSam =      75400; NumFr =   5800; NumBits =  332780800; PAPR = 10.70; Prob = 0.015875 =       1197/     75400.
18-Oct-2022 14:39:40     NumSam =      76700; NumFr =   5900; NumBits =  338518400; PAPR = 10.70; Prob = 0.015854 =       1216/     76700.
18-Oct-2022 14:39:44     NumSam =      78000; NumFr =   6000; NumBits =  344256000; PAPR = 10.70; Prob = 0.015859 =       1237/     78000.
18-Oct-2022 14:39:48     NumSam =      79300; NumFr =   6100; NumBits =  349993600; PAPR = 10.70; Prob = 0.015851 =       1257/     79300.
18-Oct-2022 14:39:53     NumSam =      80600; NumFr =   6200; NumBits =  355731200; PAPR = 10.70; Prob = 0.015831 =       1276/     80600.
18-Oct-2022 14:39:57     NumSam =      81900; NumFr =   6300; NumBits =  361468800; PAPR = 10.70; Prob = 0.015836 =       1297/     81900.
18-Oct-2022 14:40:01     NumSam =      83200; NumFr =   6400; NumBits =  367206400; PAPR = 10.70; Prob = 0.015769 =       1312/     83200.
18-Oct-2022 14:40:06     NumSam =      84500; NumFr =   6500; NumBits =  372944000; PAPR = 10.80; Prob = 0.011893 =       1005/     84500.
18-Oct-2022 14:40:10     NumSam =      85800; NumFr =   6600; NumBits =  378681600; PAPR = 10.80; Prob = 0.011853 =       1017/     85800.
18-Oct-2022 14:40:15     NumSam =      87100; NumFr =   6700; NumBits =  384419200; PAPR = 10.80; Prob = 0.011860 =       1033/     87100.
18-Oct-2022 14:40:19     NumSam =      88400; NumFr =   6800; NumBits =  390156800; PAPR = 10.80; Prob = 0.011878 =       1050/     88400.
18-Oct-2022 14:40:23     NumSam =      89700; NumFr =   6900; NumBits =  395894400; PAPR = 10.80; Prob = 0.011884 =       1066/     89700.
18-Oct-2022 14:40:28     NumSam =      91000; NumFr =   7000; NumBits =  401632000; PAPR = 10.80; Prob = 0.011879 =       1081/     91000.
18-Oct-2022 14:40:32     NumSam =      92300; NumFr =   7100; NumBits =  407369600; PAPR = 10.80; Prob = 0.011896 =       1098/     92300.
18-Oct-2022 14:40:37     NumSam =      93600; NumFr =   7200; NumBits =  413107200; PAPR = 10.80; Prob = 0.011976 =       1121/     93600.
18-Oct-2022 14:40:41     NumSam =      94900; NumFr =   7300; NumBits =  418844800; PAPR = 10.80; Prob = 0.011981 =       1137/     94900.
18-Oct-2022 14:40:45     NumSam =      96200; NumFr =   7400; NumBits =  424582400; PAPR = 10.80; Prob = 0.011996 =       1154/     96200.
18-Oct-2022 14:40:50     NumSam =      97500; NumFr =   7500; NumBits =  430320000; PAPR = 10.80; Prob = 0.011949 =       1165/     97500.
18-Oct-2022 14:40:54     NumSam =      98800; NumFr =   7600; NumBits =  436057600; PAPR = 10.80; Prob = 0.011923 =       1178/     98800.
18-Oct-2022 14:40:59     NumSam =     100100; NumFr =   7700; NumBits =  441795200; PAPR = 10.80; Prob = 0.011938 =       1195/    100100.
18-Oct-2022 14:41:03     NumSam =     101400; NumFr =   7800; NumBits =  447532800; PAPR = 10.80; Prob = 0.011913 =       1208/    101400.
18-Oct-2022 14:41:07     NumSam =     102700; NumFr =   7900; NumBits =  453270400; PAPR = 10.80; Prob = 0.011918 =       1224/    102700.
18-Oct-2022 14:41:12     NumSam =     104000; NumFr =   8000; NumBits =  459008000; PAPR = 10.80; Prob = 0.011894 =       1237/    104000.
18-Oct-2022 14:41:16     NumSam =     105300; NumFr =   8100; NumBits =  464745600; PAPR = 10.80; Prob = 0.011823 =       1245/    105300.
18-Oct-2022 14:41:20     NumSam =     106600; NumFr =   8200; NumBits =  470483200; PAPR = 10.80; Prob = 0.011782 =       1256/    106600.
18-Oct-2022 14:41:25     NumSam =     107900; NumFr =   8300; NumBits =  476220800; PAPR = 10.80; Prob = 0.011761 =       1269/    107900.
18-Oct-2022 14:41:29     NumSam =     109200; NumFr =   8400; NumBits =  481958400; PAPR = 10.80; Prob = 0.011822 =       1291/    109200.
18-Oct-2022 14:41:34     NumSam =     110500; NumFr =   8500; NumBits =  487696000; PAPR = 10.80; Prob = 0.011810 =       1305/    110500.
18-Oct-2022 14:41:38     NumSam =     111800; NumFr =   8600; NumBits =  493433600; PAPR = 10.80; Prob = 0.011726 =       1311/    111800.
18-Oct-2022 14:41:42     NumSam =     113100; NumFr =   8700; NumBits =  499171200; PAPR = 10.90; Prob = 0.008921 =       1009/    113100. Completed.
